<?xml version="1.0" encoding="UTF-8"?>
<coverage generated="1620648586084" clover="3.2.0">
  <project timestamp="1620648586084" name="All files">
    <metrics statements="14" coveredstatements="7" conditionals="4" coveredconditionals="1" methods="2" coveredmethods="1" elements="20" coveredelements="9" complexity="0" loc="14" ncloc="14" packages="1" files="1" classes="1"/>
    <file name="Basic.js" path="C:\Users\MR MARTIN\github2\TutorAllocationSystem\Basic.js">
      <metrics statements="14" coveredstatements="7" conditionals="4" coveredconditionals="1" methods="2" coveredmethods="1"/>
      <line num="4" count="0" type="stmt"/>
      <line num="5" count="0" type="stmt"/>
      <line num="6" count="0" type="cond" truecount="0" falsecount="2"/>
      <line num="7" count="0" type="stmt"/>
      <line num="9" count="0" type="stmt"/>
      <line num="12" count="0" type="stmt"/>
      <line num="14" count="1" type="stmt"/>
      <line num="18" count="2" type="stmt"/>
      <line num="19" count="2" type="stmt"/>
      <line num="20" count="2" type="cond" truecount="1" falsecount="1"/>
      <line num="21" count="2" type="stmt"/>
      <line num="24" count="0" type="stmt"/>
      <line num="26" count="2" type="stmt"/>
      <line num="28" count="1" type="stmt"/>
    </file>
  </project>
</coverage>
