{"C:\\Users\\MR MARTIN\\github2\\TutorAllocationSystem\\Basic.js": {"path":"C:\\Users\\MR MARTIN\\github2\\TutorAllocationSystem\\Basic.js","statementMap":{"0":{"start":{"line":5,"column":12},"end":{"line":5,"column":14}},"1":{"start":{"line":6,"column":16},"end":{"line":6,"column":20}},"2":{"start":{"line":7,"column":6},"end":{"line":12,"column":7}},"3":{"start":{"line":8,"column":8},"end":{"line":9,"column":122}},"4":{"start":{"line":11,"column":10},"end":{"line":11,"column":18}},"5":{"start":{"line":13,"column":6},"end":{"line":13,"column":18}},"6":{"start":{"line":15,"column":4},"end":{"line":15,"column":26}}},"fnMap":{"0":{"name":"BasicT","decl":{"start":{"line":4,"column":11},"end":{"line":4,"column":17}},"loc":{"start":{"line":4,"column":20},"end":{"line":14,"column":3}},"line":4}},"branchMap":{"0":{"loc":{"start":{"line":7,"column":6},"end":{"line":12,"column":7}},"type":"if","locations":[{"start":{"line":7,"column":6},"end":{"line":12,"column":7}},{"start":{"line":7,"column":6},"end":{"line":12,"column":7}}],"line":7}},"s":{"0":1,"1":1,"2":1,"3":1,"4":0,"5":1,"6":1},"f":{"0":1},"b":{"0":[1,0]},"_coverageSchema":"1a1c01bbd47fc00a2c39e90264f33305004495a9","hash":"aef4edcfdfef507683c6fa5cc652c0ec8b5c2848"}
}
