{"C:\\Users\\MR MARTIN\\github\\TutorAllocationSystem\\sum.js": {"path":"C:\\Users\\MR MARTIN\\github\\TutorAllocationSystem\\sum.js","statementMap":{"0":{"start":{"line":2,"column":3},"end":{"line":2,"column":14}},"1":{"start":{"line":3,"column":2},"end":{"line":3,"column":21}}},"fnMap":{"0":{"name":"sum","decl":{"start":{"line":1,"column":9},"end":{"line":1,"column":12}},"loc":{"start":{"line":2,"column":2},"end":{"line":2,"column":15}},"line":2}},"branchMap":{},"s":{"0":1,"1":1},"f":{"0":1},"b":{},"_coverageSchema":"1a1c01bbd47fc00a2c39e90264f33305004495a9","hash":"812e84df9104d55f5e030204e97d034a0e2362bc"}
}
